<?xml version="1.0" encoding="UTF-8"?>
<!-- Generated by org.testng.reporters.JUnitXMLReporter -->
<testsuite hostname="SOUMI-PC" name="Test" tests="7" failures="0" timestamp="9 Jun 2015 02:05:05 GMT" time="0.017" errors="0">
  <testcase name="TestClass1" time="0.005" classname="Ant_Package.TestAnt1"/>
  <testcase name="TestClass2" time="0.0" classname="Ant_Package.TestAnt1"/>
  <testcase name="TestClass3" time="0.0" classname="Ant_Package.TestAnt1"/>
  <testcase name="TestClass4" time="0.0" classname="Ant_Package.TestAnt2"/>
  <testcase name="TestClass5" time="0.0" classname="Ant_Package.TestAnt2"/>
  <testcase name="TestClass6" time="0.0" classname="Ant_Package.TestAnt2"/>
  <testcase name="TestClass7" time="0.0" classname="Ant_Package.TestAnt2"/>
</testsuite> <!-- Test -->
