<?xml version="1.0" encoding="UTF-8"?>
<testng-results skipped="0" failed="0" total="1" passed="1">
  <reporter-output>
  </reporter-output>
  <suite name="Test.Java.NewTest" duration-ms="56814" started-at="2015-06-20T18:22:48Z" finished-at="2015-06-20T18:23:44Z">
    <groups>
    </groups>
    <test name="Command line test" duration-ms="56814" started-at="2015-06-20T18:22:48Z" finished-at="2015-06-20T18:23:44Z">
      <class name="Test.Java.NewTest">
        <test-method status="PASS" signature="f()[pri:0, instance:Test.Java.NewTest@72893453]" name="f" duration-ms="56774" started-at="2015-06-20T23:52:48Z" finished-at="2015-06-20T23:53:44Z">
          <reporter-output>
          </reporter-output>
        </test-method> <!-- f -->
      </class> <!-- Test.Java.NewTest -->
    </test> <!-- Command line test -->
  </suite> <!-- Test.Java.NewTest -->
</testng-results>
